Build started 18.12.2015 г. 13:41:43.
     1>Project "C:\Users\Nikolay\documents\visual studio 2015\Projects\HW3_71515\HW3_71515\HW3_71515.vcxproj" on node 2 (Build target(s)).
     1>ClCompile:
         C:\Program Files (x86)\Microsoft Visual Studio 14.0\VC\bin\CL.exe /c /ZI /nologo /W3 /WX- /Od /Oy- /D WIN32 /D _DEBUG /D _CONSOLE /D _UNICODE /D UNICODE /Gm /EHsc /RTC1 /MDd /GS /fp:precise /Zc:wchar_t /Zc:forScope /Zc:inline /Fo"Debug\\" /Fd"Debug\vc140.pdb" /Gd /TP /analyze- /errorReport:prompt Researcher.cpp
         Researcher.cpp
     1>c:\users\nikolay\documents\visual studio 2015\projects\hw3_71515\hw3_71515\researcher.cpp(32): warning C4996: 'strcpy': This function or variable may be unsafe. Consider using strcpy_s instead. To disable deprecation, use _CRT_SECURE_NO_WARNINGS. See online help for details.
         c:\program files (x86)\windows kits\10\include\10.0.10150.0\ucrt\string.h(119): note: see declaration of 'strcpy'
     1>c:\users\nikolay\documents\visual studio 2015\projects\hw3_71515\hw3_71515\researcher.cpp(39): warning C4018: '<': signed/unsigned mismatch
     1>c:\users\nikolay\documents\visual studio 2015\projects\hw3_71515\hw3_71515\researcher.cpp(54): warning C4018: '<': signed/unsigned mismatch
     1>c:\users\nikolay\documents\visual studio 2015\projects\hw3_71515\hw3_71515\researcher.cpp(60): warning C4018: '<': signed/unsigned mismatch
     1>c:\users\nikolay\documents\visual studio 2015\projects\hw3_71515\hw3_71515\researcher.cpp(43): warning C4996: 'strcpy': This function or variable may be unsafe. Consider using strcpy_s instead. To disable deprecation, use _CRT_SECURE_NO_WARNINGS. See online help for details.
         c:\program files (x86)\windows kits\10\include\10.0.10150.0\ucrt\string.h(119): note: see declaration of 'strcpy'
     1>c:\users\nikolay\documents\visual studio 2015\projects\hw3_71515\hw3_71515\researcher.cpp(49): warning C4996: 'strcpy': This function or variable may be unsafe. Consider using strcpy_s instead. To disable deprecation, use _CRT_SECURE_NO_WARNINGS. See online help for details.
         c:\program files (x86)\windows kits\10\include\10.0.10150.0\ucrt\string.h(119): note: see declaration of 'strcpy'
     1>c:\users\nikolay\documents\visual studio 2015\projects\hw3_71515\hw3_71515\researcher.cpp(56): warning C4996: 'strcpy': This function or variable may be unsafe. Consider using strcpy_s instead. To disable deprecation, use _CRT_SECURE_NO_WARNINGS. See online help for details.
         c:\program files (x86)\windows kits\10\include\10.0.10150.0\ucrt\string.h(119): note: see declaration of 'strcpy'
     1>c:\users\nikolay\documents\visual studio 2015\projects\hw3_71515\hw3_71515\researcher.cpp(62): warning C4996: 'strcpy': This function or variable may be unsafe. Consider using strcpy_s instead. To disable deprecation, use _CRT_SECURE_NO_WARNINGS. See online help for details.
         c:\program files (x86)\windows kits\10\include\10.0.10150.0\ucrt\string.h(119): note: see declaration of 'strcpy'
       Link:
         C:\Program Files (x86)\Microsoft Visual Studio 14.0\VC\bin\link.exe /ERRORREPORT:PROMPT /OUT:"C:\Users\Nikolay\documents\visual studio 2015\Projects\HW3_71515\Debug\HW3_71515.exe" /INCREMENTAL /NOLOGO kernel32.lib user32.lib gdi32.lib winspool.lib comdlg32.lib advapi32.lib shell32.lib ole32.lib oleaut32.lib uuid.lib odbc32.lib odbccp32.lib /MANIFEST /MANIFESTUAC:"level='asInvoker' uiAccess='false'" /manifest:embed /Debug /PDB:"C:\Users\Nikolay\documents\visual studio 2015\Projects\HW3_71515\Debug\HW3_71515.pdb" /SUBSYSTEM:CONSOLE /TLBID:1 /DYNAMICBASE /NXCOMPAT /IMPLIB:"C:\Users\Nikolay\documents\visual studio 2015\Projects\HW3_71515\Debug\HW3_71515.lib" /MACHINE:X86 Debug\Researcher.obj
         Debug\Source.obj
         HW3_71515.vcxproj -> C:\Users\Nikolay\documents\visual studio 2015\Projects\HW3_71515\Debug\HW3_71515.exe
     1>Done Building Project "C:\Users\Nikolay\documents\visual studio 2015\Projects\HW3_71515\HW3_71515\HW3_71515.vcxproj" (Build target(s)).

Build succeeded.

Time Elapsed 00:00:01.75
